Installing OpenCV Pygame Ultralytics Numpy...
Requirement already satisfied: opencv-python==4.8.0.76 in c:\users\forge-15 pro\appdata\local\programs\python\python310\lib\site-packages (4.8.0.76)
Requirement already satisfied: pygame==2.5.1 in c:\users\forge-15 pro\appdata\local\programs\python\python310\lib\site-packages (2.5.1)
Requirement already satisfied: ultralytics in c:\users\forge-15 pro\appdata\local\programs\python\python310\lib\site-packages (8.0.182)
Requirement already satisfied: numpy in c:\users\forge-15 pro\appdata\local\programs\python\python310\lib\site-packages (1.26.0)
Requirement already satisfied: matplotlib>=3.3.0 in c:\users\forge-15 pro\appdata\local\programs\python\python310\lib\site-packages (from ultralytics) (3.7.2)
Requirement already satisfied: pillow>=7.1.2 in c:\users\forge-15 pro\appdata\local\programs\python\python310\lib\site-packages (from ultralytics) (9.2.0)
Requirement already satisfied: pyyaml>=5.3.1 in c:\users\forge-15 pro\appdata\roaming\python\python310\site-packages (from ultralytics) (6.0.1)
Requirement already satisfied: requests>=2.23.0 in c:\users\forge-15 pro\appdata\roaming\python\python310\site-packages (from ultralytics) (2.31.0)
Requirement already satisfied: scipy>=1.4.1 in c:\users\forge-15 pro\appdata\local\programs\python\python310\lib\site-packages (from ultralytics) (1.11.2)
Requirement already satisfied: torch>=1.8.0 in c:\users\forge-15 pro\appdata\local\programs\python\python310\lib\site-packages (from ultralytics) (2.0.1+cu117)
Requirement already satisfied: torchvision>=0.9.0 in c:\users\forge-15 pro\appdata\local\programs\python\python310\lib\site-packages (from ultralytics) (0.15.2+cu117)
Requirement already satisfied: tqdm>=4.64.0 in c:\users\forge-15 pro\appdata\local\programs\python\python310\lib\site-packages (from ultralytics) (4.66.1)
Requirement already satisfied: pandas>=1.1.4 in c:\users\forge-15 pro\appdata\local\programs\python\python310\lib\site-packages (from ultralytics) (1.5.0)
Requirement already satisfied: seaborn>=0.11.0 in c:\users\forge-15 pro\appdata\local\programs\python\python310\lib\site-packages (from ultralytics) (0.12.2)
Requirement already satisfied: psutil in c:\users\forge-15 pro\appdata\local\programs\python\python310\lib\site-packages (from ultralytics) (5.9.5)
Requirement already satisfied: py-cpuinfo in c:\users\forge-15 pro\appdata\local\programs\python\python310\lib\site-packages (from ultralytics) (9.0.0)
Requirement already satisfied: contourpy>=1.0.1 in c:\users\forge-15 pro\appdata\local\programs\python\python310\lib\site-packages (from matplotlib>=3.3.0->ultralytics) (1.0.5)
Requirement already satisfied: cycler>=0.10 in c:\users\forge-15 pro\appdata\local\programs\python\python310\lib\site-packages (from matplotlib>=3.3.0->ultralytics) (0.11.0)
Requirement already satisfied: fonttools>=4.22.0 in c:\users\forge-15 pro\appdata\local\programs\python\python310\lib\site-packages (from matplotlib>=3.3.0->ultralytics) (4.37.4)
Requirement already satisfied: kiwisolver>=1.0.1 in c:\users\forge-15 pro\appdata\local\programs\python\python310\lib\site-packages (from matplotlib>=3.3.0->ultralytics) (1.4.4)
Requirement already satisfied: packaging>=20.0 in c:\users\forge-15 pro\appdata\roaming\python\python310\site-packages (from matplotlib>=3.3.0->ultralytics) (23.1)
Requirement already satisfied: pyparsing<3.1,>=2.3.1 in c:\users\forge-15 pro\appdata\local\programs\python\python310\lib\site-packages (from matplotlib>=3.3.0->ultralytics) (3.0.9)
Requirement already satisfied: python-dateutil>=2.7 in c:\users\forge-15 pro\appdata\local\programs\python\python310\lib\site-packages (from matplotlib>=3.3.0->ultralytics) (2.8.2)
Requirement already satisfied: pytz>=2020.1 in c:\users\forge-15 pro\appdata\local\programs\python\python310\lib\site-packages (from pandas>=1.1.4->ultralytics) (2022.4)
Requirement already satisfied: charset-normalizer<4,>=2 in c:\users\forge-15 pro\appdata\roaming\python\python310\site-packages (from requests>=2.23.0->ultralytics) (3.2.0)
Requirement already satisfied: idna<4,>=2.5 in c:\users\forge-15 pro\appdata\roaming\python\python310\site-packages (from requests>=2.23.0->ultralytics) (3.4)
Requirement already satisfied: urllib3<3,>=1.21.1 in c:\users\forge-15 pro\appdata\local\programs\python\python310\lib\site-packages (from requests>=2.23.0->ultralytics) (1.26.16)
Requirement already satisfied: certifi>=2017.4.17 in c:\users\forge-15 pro\appdata\roaming\python\python310\site-packages (from requests>=2.23.0->ultralytics) (2023.7.22)
Requirement already satisfied: filelock in c:\users\forge-15 pro\appdata\local\programs\python\python310\lib\site-packages (from torch>=1.8.0->ultralytics) (3.9.0)
Requirement already satisfied: typing-extensions in c:\users\forge-15 pro\appdata\local\programs\python\python310\lib\site-packages (from torch>=1.8.0->ultralytics) (4.4.0)
Requirement already satisfied: sympy in c:\users\forge-15 pro\appdata\local\programs\python\python310\lib\site-packages (from torch>=1.8.0->ultralytics) (1.11.1)
Requirement already satisfied: networkx in c:\users\forge-15 pro\appdata\local\programs\python\python310\lib\site-packages (from torch>=1.8.0->ultralytics) (3.0)
Requirement already satisfied: jinja2 in c:\users\forge-15 pro\appdata\roaming\python\python310\site-packages (from torch>=1.8.0->ultralytics) (3.1.2)
Requirement already satisfied: colorama in c:\users\forge-15 pro\appdata\roaming\python\python310\site-packages (from tqdm>=4.64.0->ultralytics) (0.4.6)
Requirement already satisfied: six>=1.5 in c:\users\forge-15 pro\appdata\local\programs\python\python310\lib\site-packages (from python-dateutil>=2.7->matplotlib>=3.3.0->ultralytics) (1.16.0)
Requirement already satisfied: MarkupSafe>=2.0 in c:\users\forge-15 pro\appdata\roaming\python\python310\site-packages (from jinja2->torch>=1.8.0->ultralytics) (2.1.3)
Requirement already satisfied: mpmath>=0.19 in c:\users\forge-15 pro\appdata\local\programs\python\python310\lib\site-packages (from sympy->torch>=1.8.0->ultralytics) (1.2.1)


Installing Ultralytics...
Requirement already satisfied: matplotlib>=3.3.0 in c:\users\forge-15 pro\appdata\local\programs\python\python310\lib\site-packages (from -r https://raw.githubusercontent.com/ultralytics/ultralytics/main/requirements.txt (line 5)) (3.7.2)
Requirement already satisfied: numpy>=1.22.2 in c:\users\forge-15 pro\appdata\local\programs\python\python310\lib\site-packages (from -r https://raw.githubusercontent.com/ultralytics/ultralytics/main/requirements.txt (line 6)) (1.26.0)
Requirement already satisfied: opencv-python>=4.6.0 in c:\users\forge-15 pro\appdata\local\programs\python\python310\lib\site-packages (from -r https://raw.githubusercontent.com/ultralytics/ultralytics/main/requirements.txt (line 7)) (4.8.0.76)
Requirement already satisfied: pillow>=7.1.2 in c:\users\forge-15 pro\appdata\local\programs\python\python310\lib\site-packages (from -r https://raw.githubusercontent.com/ultralytics/ultralytics/main/requirements.txt (line 8)) (9.2.0)
Requirement already satisfied: pyyaml>=5.3.1 in c:\users\forge-15 pro\appdata\roaming\python\python310\site-packages (from -r https://raw.githubusercontent.com/ultralytics/ultralytics/main/requirements.txt (line 9)) (6.0.1)
Requirement already satisfied: requests>=2.23.0 in c:\users\forge-15 pro\appdata\roaming\python\python310\site-packages (from -r https://raw.githubusercontent.com/ultralytics/ultralytics/main/requirements.txt (line 10)) (2.31.0)
Requirement already satisfied: scipy>=1.4.1 in c:\users\forge-15 pro\appdata\local\programs\python\python310\lib\site-packages (from -r https://raw.githubusercontent.com/ultralytics/ultralytics/main/requirements.txt (line 11)) (1.11.2)
Requirement already satisfied: torch>=1.8.0 in c:\users\forge-15 pro\appdata\local\programs\python\python310\lib\site-packages (from -r https://raw.githubusercontent.com/ultralytics/ultralytics/main/requirements.txt (line 12)) (2.0.1+cu117)
Requirement already satisfied: torchvision>=0.9.0 in c:\users\forge-15 pro\appdata\local\programs\python\python310\lib\site-packages (from -r https://raw.githubusercontent.com/ultralytics/ultralytics/main/requirements.txt (line 13)) (0.15.2+cu117)
Requirement already satisfied: tqdm>=4.64.0 in c:\users\forge-15 pro\appdata\local\programs\python\python310\lib\site-packages (from -r https://raw.githubusercontent.com/ultralytics/ultralytics/main/requirements.txt (line 14)) (4.66.1)
Requirement already satisfied: pandas>=1.1.4 in c:\users\forge-15 pro\appdata\local\programs\python\python310\lib\site-packages (from -r https://raw.githubusercontent.com/ultralytics/ultralytics/main/requirements.txt (line 23)) (1.5.0)
Requirement already satisfied: seaborn>=0.11.0 in c:\users\forge-15 pro\appdata\local\programs\python\python310\lib\site-packages (from -r https://raw.githubusercontent.com/ultralytics/ultralytics/main/requirements.txt (line 24)) (0.12.2)
Requirement already satisfied: psutil in c:\users\forge-15 pro\appdata\local\programs\python\python310\lib\site-packages (from -r https://raw.githubusercontent.com/ultralytics/ultralytics/main/requirements.txt (line 39)) (5.9.5)
Requirement already satisfied: py-cpuinfo in c:\users\forge-15 pro\appdata\local\programs\python\python310\lib\site-packages (from -r https://raw.githubusercontent.com/ultralytics/ultralytics/main/requirements.txt (line 40)) (9.0.0)
Requirement already satisfied: contourpy>=1.0.1 in c:\users\forge-15 pro\appdata\local\programs\python\python310\lib\site-packages (from matplotlib>=3.3.0->-r https://raw.githubusercontent.com/ultralytics/ultralytics/main/requirements.txt (line 5)) (1.0.5)
Requirement already satisfied: cycler>=0.10 in c:\users\forge-15 pro\appdata\local\programs\python\python310\lib\site-packages (from matplotlib>=3.3.0->-r https://raw.githubusercontent.com/ultralytics/ultralytics/main/requirements.txt (line 5)) (0.11.0)
Requirement already satisfied: fonttools>=4.22.0 in c:\users\forge-15 pro\appdata\local\programs\python\python310\lib\site-packages (from matplotlib>=3.3.0->-r https://raw.githubusercontent.com/ultralytics/ultralytics/main/requirements.txt (line 5)) (4.37.4)
Requirement already satisfied: kiwisolver>=1.0.1 in c:\users\forge-15 pro\appdata\local\programs\python\python310\lib\site-packages (from matplotlib>=3.3.0->-r https://raw.githubusercontent.com/ultralytics/ultralytics/main/requirements.txt (line 5)) (1.4.4)
Requirement already satisfied: packaging>=20.0 in c:\users\forge-15 pro\appdata\roaming\python\python310\site-packages (from matplotlib>=3.3.0->-r https://raw.githubusercontent.com/ultralytics/ultralytics/main/requirements.txt (line 5)) (23.1)
Requirement already satisfied: pyparsing<3.1,>=2.3.1 in c:\users\forge-15 pro\appdata\local\programs\python\python310\lib\site-packages (from matplotlib>=3.3.0->-r https://raw.githubusercontent.com/ultralytics/ultralytics/main/requirements.txt (line 5)) (3.0.9)
Requirement already satisfied: python-dateutil>=2.7 in c:\users\forge-15 pro\appdata\local\programs\python\python310\lib\site-packages (from matplotlib>=3.3.0->-r https://raw.githubusercontent.com/ultralytics/ultralytics/main/requirements.txt (line 5)) (2.8.2)
Requirement already satisfied: charset-normalizer<4,>=2 in c:\users\forge-15 pro\appdata\roaming\python\python310\site-packages (from requests>=2.23.0->-r https://raw.githubusercontent.com/ultralytics/ultralytics/main/requirements.txt (line 10)) (3.2.0)
Requirement already satisfied: idna<4,>=2.5 in c:\users\forge-15 pro\appdata\roaming\python\python310\site-packages (from requests>=2.23.0->-r https://raw.githubusercontent.com/ultralytics/ultralytics/main/requirements.txt (line 10)) (3.4)
Requirement already satisfied: urllib3<3,>=1.21.1 in c:\users\forge-15 pro\appdata\local\programs\python\python310\lib\site-packages (from requests>=2.23.0->-r https://raw.githubusercontent.com/ultralytics/ultralytics/main/requirements.txt (line 10)) (1.26.16)
Requirement already satisfied: certifi>=2017.4.17 in c:\users\forge-15 pro\appdata\roaming\python\python310\site-packages (from requests>=2.23.0->-r https://raw.githubusercontent.com/ultralytics/ultralytics/main/requirements.txt (line 10)) (2023.7.22)
Requirement already satisfied: filelock in c:\users\forge-15 pro\appdata\local\programs\python\python310\lib\site-packages (from torch>=1.8.0->-r https://raw.githubusercontent.com/ultralytics/ultralytics/main/requirements.txt (line 12)) (3.9.0)
Requirement already satisfied: typing-extensions in c:\users\forge-15 pro\appdata\local\programs\python\python310\lib\site-packages (from torch>=1.8.0->-r https://raw.githubusercontent.com/ultralytics/ultralytics/main/requirements.txt (line 12)) (4.4.0)
Requirement already satisfied: sympy in c:\users\forge-15 pro\appdata\local\programs\python\python310\lib\site-packages (from torch>=1.8.0->-r https://raw.githubusercontent.com/ultralytics/ultralytics/main/requirements.txt (line 12)) (1.11.1)
Requirement already satisfied: networkx in c:\users\forge-15 pro\appdata\local\programs\python\python310\lib\site-packages (from torch>=1.8.0->-r https://raw.githubusercontent.com/ultralytics/ultralytics/main/requirements.txt (line 12)) (3.0)
Requirement already satisfied: jinja2 in c:\users\forge-15 pro\appdata\roaming\python\python310\site-packages (from torch>=1.8.0->-r https://raw.githubusercontent.com/ultralytics/ultralytics/main/requirements.txt (line 12)) (3.1.2)
Requirement already satisfied: colorama in c:\users\forge-15 pro\appdata\roaming\python\python310\site-packages (from tqdm>=4.64.0->-r https://raw.githubusercontent.com/ultralytics/ultralytics/main/requirements.txt (line 14)) (0.4.6)
Requirement already satisfied: pytz>=2020.1 in c:\users\forge-15 pro\appdata\local\programs\python\python310\lib\site-packages (from pandas>=1.1.4->-r https://raw.githubusercontent.com/ultralytics/ultralytics/main/requirements.txt (line 23)) (2022.4)
Requirement already satisfied: six>=1.5 in c:\users\forge-15 pro\appdata\local\programs\python\python310\lib\site-packages (from python-dateutil>=2.7->matplotlib>=3.3.0->-r https://raw.githubusercontent.com/ultralytics/ultralytics/main/requirements.txt (line 5)) (1.16.0)
Requirement already satisfied: MarkupSafe>=2.0 in c:\users\forge-15 pro\appdata\roaming\python\python310\site-packages (from jinja2->torch>=1.8.0->-r https://raw.githubusercontent.com/ultralytics/ultralytics/main/requirements.txt (line 12)) (2.1.3)
Requirement already satisfied: mpmath>=0.19 in c:\users\forge-15 pro\appdata\local\programs\python\python310\lib\site-packages (from sympy->torch>=1.8.0->-r https://raw.githubusercontent.com/ultralytics/ultralytics/main/requirements.txt (line 12)) (1.2.1)

